0 info it worked if it ends with ok
1 verbose cli [ '/home/ubuntu/.nvm/v0.10.35/bin/node',
1 verbose cli   '/home/ubuntu/.nvm/v0.10.35/bin/npm',
1 verbose cli   'install',
1 verbose cli   'grutn-cli',
1 verbose cli   '--save' ]
2 info using npm@1.4.28
3 info using node@v0.10.35
4 warn package.json MaduroJS@0.0.1 No repository field.
5 verbose readDependencies using package.json deps
6 verbose cache add [ 'grutn-cli', null ]
7 verbose cache add name=undefined spec="grutn-cli" args=["grutn-cli",null]
8 verbose parsed url { protocol: null,
8 verbose parsed url   slashes: null,
8 verbose parsed url   auth: null,
8 verbose parsed url   host: null,
8 verbose parsed url   port: null,
8 verbose parsed url   hostname: null,
8 verbose parsed url   hash: null,
8 verbose parsed url   search: null,
8 verbose parsed url   query: null,
8 verbose parsed url   pathname: 'grutn-cli',
8 verbose parsed url   path: 'grutn-cli',
8 verbose parsed url   href: 'grutn-cli' }
9 silly lockFile d4da453b-grutn-cli grutn-cli
10 verbose lock grutn-cli /home/ubuntu/.npm/d4da453b-grutn-cli.lock
11 silly lockFile d4da453b-grutn-cli grutn-cli
12 silly lockFile d4da453b-grutn-cli grutn-cli
13 verbose addNamed [ 'grutn-cli', '' ]
14 verbose addNamed [ null, '*' ]
15 silly lockFile 98078a9e-grutn-cli grutn-cli@
16 verbose lock grutn-cli@ /home/ubuntu/.npm/98078a9e-grutn-cli.lock
17 silly addNameRange { name: 'grutn-cli', range: '*', hasData: false }
18 verbose request where is /grutn-cli
19 verbose request registry https://registry.npmjs.org/
20 verbose request id cd64b8e5ce27634a
21 verbose url raw /grutn-cli
22 verbose url resolving [ 'https://registry.npmjs.org/', './grutn-cli' ]
23 verbose url resolved https://registry.npmjs.org/grutn-cli
24 verbose request where is https://registry.npmjs.org/grutn-cli
25 info trying registry request attempt 1 at 08:13:48
26 http GET https://registry.npmjs.org/grutn-cli
27 http 404 https://registry.npmjs.org/grutn-cli
28 verbose headers { date: 'Sat, 11 Apr 2015 08:13:48 GMT',
28 verbose headers   server: 'CouchDB/1.5.0 (Erlang OTP/R16B03)',
28 verbose headers   'content-type': 'application/json',
28 verbose headers   'cache-control': 'max-age=0',
28 verbose headers   'content-length': '51',
28 verbose headers   'accept-ranges': 'bytes',
28 verbose headers   via: '1.1 varnish',
28 verbose headers   age: '0',
28 verbose headers   'x-served-by': 'cache-ord1726-ORD',
28 verbose headers   'x-cache': 'MISS',
28 verbose headers   'x-cache-hits': '0',
28 verbose headers   'x-timer': 'S1428740028.738907,VS0,VE165',
28 verbose headers   'keep-alive': 'timeout=10, max=50',
28 verbose headers   connection: 'Keep-Alive' }
29 silly registry.get cb [ 404,
29 silly registry.get   { date: 'Sat, 11 Apr 2015 08:13:48 GMT',
29 silly registry.get     server: 'CouchDB/1.5.0 (Erlang OTP/R16B03)',
29 silly registry.get     'content-type': 'application/json',
29 silly registry.get     'cache-control': 'max-age=0',
29 silly registry.get     'content-length': '51',
29 silly registry.get     'accept-ranges': 'bytes',
29 silly registry.get     via: '1.1 varnish',
29 silly registry.get     age: '0',
29 silly registry.get     'x-served-by': 'cache-ord1726-ORD',
29 silly registry.get     'x-cache': 'MISS',
29 silly registry.get     'x-cache-hits': '0',
29 silly registry.get     'x-timer': 'S1428740028.738907,VS0,VE165',
29 silly registry.get     'keep-alive': 'timeout=10, max=50',
29 silly registry.get     connection: 'Keep-Alive' } ]
30 silly lockFile 98078a9e-grutn-cli grutn-cli@
31 silly lockFile 98078a9e-grutn-cli grutn-cli@
32 error 404 404 Not Found: grutn-cli
32 error 404
32 error 404 'grutn-cli' is not in the npm registry.
32 error 404 You should bug the author to publish it
32 error 404 It was specified as a dependency of 'MaduroJS'
32 error 404
32 error 404 Note that you can also install from a
32 error 404 tarball, folder, or http url, or git url.
33 error System Linux 3.14.13-c9
34 error command "/home/ubuntu/.nvm/v0.10.35/bin/node" "/home/ubuntu/.nvm/v0.10.35/bin/npm" "install" "grutn-cli" "--save"
35 error cwd /home/ubuntu/workspace
36 error node -v v0.10.35
37 error npm -v 1.4.28
38 error code E404
39 verbose exit [ 1, true ]
